<?xml version="1.0" encoding="UTF-8"?>
<!-- Generated by org.testng.reporters.JUnitReportReporter -->
<testsuite hostname="LT-GZHXL63" failures="0" tests="5" name="tests.TC_02_Product" time="7.580" errors="0" timestamp="2022-04-25T10:24:30 IST" skipped="0">
  <testcase classname="tests.TC_02_Product" name="navigateToInventory" time="0.045"/>
  <system-out>
    <![CDATA[navigateToInventory - Test Started.
navigateToInventory - Test Success.]]>
  </system-out>
  <testcase classname="tests.TC_02_Product" name="navigateToProduct" time="1.475"/>
  <system-out>
    <![CDATA[navigateToProduct - Test Started.
navigateToProduct - Test Success.]]>
  </system-out>
  <testcase classname="tests.TC_02_Product" name="clickCreate" time="3.084"/>
  <system-out>
    <![CDATA[clickCreate - Test Started.
clickCreate - Test Success.]]>
  </system-out>
  <testcase classname="tests.TC_02_Product" name="createProduct" time="1.332"/>
  <system-out>
    <![CDATA[createProduct - Test Started.
createProduct - Test Success.]]>
  </system-out>
  <testcase classname="tests.TC_02_Product" name="updateQuantity" time="1.644"/>
  <system-out>
    <![CDATA[updateQuantity - Test Started.
updateQuantity - Test Success.]]>
  </system-out>
</testsuite> <!-- tests.TC_02_Product -->
