<?xml version="1.0" encoding="UTF-8"?>
<!-- Generated by org.testng.reporters.JUnitReportReporter -->
<testsuite hostname="LT-GZHXL63" failures="0" tests="6" name="tests.TC_03_Manufacturing" time="6.871" errors="0" timestamp="2022-04-25T10:24:30 IST" skipped="0">
  <testcase classname="tests.TC_03_Manufacturing" name="navigateToManufacturing" time="0.080"/>
  <system-out>
    <![CDATA[navigateToManufacturing - Test Started.
navigateToManufacturing - Test Success.]]>
  </system-out>
  <testcase classname="tests.TC_03_Manufacturing" name="clickCreate" time="1.737"/>
  <system-out>
    <![CDATA[clickCreate - Test Started.
clickCreate - Test Success.]]>
  </system-out>
  <testcase classname="tests.TC_03_Manufacturing" name="createManufacturingOrder" time="2.144"/>
  <system-out>
    <![CDATA[createManufacturingOrder - Test Started.
createManufacturingOrder - Test Success.]]>
  </system-out>
  <testcase classname="tests.TC_03_Manufacturing" name="markOrderAsDone" time="1.877"/>
  <system-out>
    <![CDATA[markOrderAsDone - Test Started.
markOrderAsDone - Test Success.]]>
  </system-out>
  <testcase classname="tests.TC_03_Manufacturing" name="verifyDoneStatus" time="1.014"/>
  <system-out>
    <![CDATA[verifyDoneStatus - Test Started.
verifyDoneStatus - Test Success.]]>
  </system-out>
  <testcase classname="tests.TC_03_Manufacturing" name="verifyCreatedOrder" time="0.019"/>
  <system-out>
    <![CDATA[verifyCreatedOrder - Test Started.
verifyCreatedOrder - Test Success.]]>
  </system-out>
</testsuite> <!-- tests.TC_03_Manufacturing -->
