<?xml version="1.0" encoding="UTF-8"?>
<!-- Generated by org.testng.reporters.JUnitReportReporter -->
<testsuite hostname="LT-GZHXL63" failures="0" tests="2" name="tests.TC_01_Login" time="12.277" errors="0" timestamp="2022-04-25T10:24:30 IST" skipped="0">
  <testcase classname="tests.TC_01_Login" name="performLogin" time="2.205"/>
  <system-out>
    <![CDATA[performLogin - Test Started.
performLogin - Test Success.]]>
  </system-out>
  <testcase classname="tests.TC_01_Login" name="verifyLogin" time="10.072"/>
  <system-out>
    <![CDATA[verifyLogin - Test Started.
verifyLogin - Test Success.]]>
  </system-out>
</testsuite> <!-- tests.TC_01_Login -->
