<?xml version="1.0" encoding="UTF-8"?>
<!-- Generated by org.testng.reporters.JUnitReportReporter -->
<testsuite hostname="LT-GZHXL63" failures="0" tests="2" name="tests.Login" time="3.116" errors="0" timestamp="2022-04-23T11:03:05 IST" skipped="0">
  <testcase classname="tests.Login" name="TC_01_performLogin" time="2.613"/>
  <system-out/>
  <testcase classname="tests.Login" name="TC_02_verifyLogin" time="0.503"/>
  <system-out/>
</testsuite> <!-- tests.Login -->
